[2020-04-05 10:17:27] production.ERROR: SQLSTATE[HY000] [1045] Access denied for user 'forge'@'localhost' (using password: NO) (SQL: select * from `users` where `username` = Hmwpb and `users`.`deleted_at` is null limit 1)  
[2020-04-05 10:17:45] production.ERROR: SQLSTATE[HY000] [1045] Access denied for user 'forge'@'localhost' (using password: NO) (SQL: select * from `users` where `username` = Hwmpb and `users`.`deleted_at` is null limit 1)  
[2020-04-05 10:17:59] production.ERROR: SQLSTATE[HY000] [1045] Access denied for user 'forge'@'localhost' (using password: NO) (SQL: select * from `users` where `username` = Hmwpb and `users`.`deleted_at` is null limit 1)  
[2020-04-05 14:25:32] production.ERROR: SQLSTATE[HY000] [1045] Access denied for user 'forge'@'localhost' (using password: NO) (SQL: select * from `users` where `username` = hmwpb and `users`.`deleted_at` is null limit 1)  
[2020-04-05 14:25:51] production.ERROR: SQLSTATE[HY000] [1045] Access denied for user 'forge'@'localhost' (using password: NO) (SQL: select * from `users` where `username` = hmwbp and `users`.`deleted_at` is null limit 1)  
[2020-04-05 14:30:48] production.ERROR: SQLSTATE[HY000] [1045] Access denied for user 'forge'@'localhost' (using password: NO) (SQL: select * from `users` where `username` = hmwpb and `users`.`deleted_at` is null limit 1)  
[2020-04-05 14:35:57] production.ERROR: SQLSTATE[HY000] [1045] Access denied for user 'forge'@'localhost' (using password: NO) (SQL: select * from `users` where `username` = hmwpb and `users`.`deleted_at` is null limit 1)  
[2020-04-05 14:36:16] production.ERROR: SQLSTATE[HY000] [1045] Access denied for user 'forge'@'localhost' (using password: NO) (SQL: select * from `users` where `username` = hmwpb and `users`.`deleted_at` is null limit 1)  
[2020-04-05 14:42:28] production.ERROR: SQLSTATE[HY000] [1045] Access denied for user 'forge'@'localhost' (using password: NO) (SQL: select * from `users` where `username` = hmwpb and `users`.`deleted_at` is null limit 1)  
[2020-04-05 14:56:27] production.ERROR: SQLSTATE[HY000] [1045] Access denied for user 'forge'@'localhost' (using password: NO) (SQL: select * from `users` where `username` = hmwpb and `users`.`deleted_at` is null limit 1)  
[2020-04-05 15:01:40] production.ERROR: SQLSTATE[HY000] [1045] Access denied for user 'forge'@'localhost' (using password: NO) (SQL: select * from `users` where `username` = hmwpb and `users`.`deleted_at` is null limit 1)  
[2020-04-05 15:03:23] local.ERROR: SQLSTATE[HY000] [1049] Unknown database 'apomuden' (SQL: select * from `users` where `username` = hmwpb and `users`.`deleted_at` is null limit 1)  
[2020-04-05 15:05:25] local.ERROR: SQLSTATE[HY000] [1049] Unknown database 'apomuden' (SQL: select * from `users` where `username` = hmwpb and `users`.`deleted_at` is null limit 1)  
[2020-04-05 15:05:27] local.ERROR: SQLSTATE[HY000] [1049] Unknown database 'apomuden' (SQL: select * from `users` where `username` = hmwpb and `users`.`deleted_at` is null limit 1)  
[2020-04-05 15:07:05] local.ERROR: SQLSTATE[HY000] [1049] Unknown database 'apomuden' (SQL: select * from `users` where `username` = hmwpb and `users`.`deleted_at` is null limit 1)  
[2020-04-05 15:08:05] local.ERROR: SQLSTATE[HY000] [1049] Unknown database 'apomuden' (SQL: select * from `users` where `username` = hmwpb and `users`.`deleted_at` is null limit 1)  
[2020-04-05 15:08:11] local.ERROR: SQLSTATE[HY000] [1049] Unknown database 'apomuden' (SQL: select * from `users` where `username` = hmwpb and `users`.`deleted_at` is null limit 1)  
[2020-04-05 15:09:53] local.ERROR: SQLSTATE[HY000] [1049] Unknown database 'apomuden' (SQL: select * from `users` where `username` = hmwpb and `users`.`deleted_at` is null limit 1)  
[2020-04-05 15:13:16] local.ERROR: SQLSTATE[HY000] [1049] Unknown database 'apomuden' (SQL: select * from `users` where `username` = hmwpb and `users`.`deleted_at` is null limit 1)  
[2020-04-05 15:18:36] local.ERROR: SQLSTATE[HY000] [1049] Unknown database 'apomuden' (SQL: select * from `users` where `username` = hmwpb and `users`.`deleted_at` is null limit 1)  
[2020-04-05 17:16:02] local.ERROR: Creating default object from empty value {"userId":"050c9e9b-3337-41b3-876c-b41f013b1227","exception":"[object] (ErrorException(code: 0): Creating default object from empty value at /var/www/html/ssisgh/test-api/app/Models/Attendance.php:22)
[stacktrace]
#0 /var/www/html/ssisgh/test-api/app/Models/Attendance.php(22): Illuminate\\Foundation\\Bootstrap\\HandleExceptions->handleError(2, 'Creating defaul...', '/var/www/html/s...', 22, Array)
#1 /var/www/html/ssisgh/test-api/app/Models/Consultation.php(114): App\\Models\\Attendance::updateObject(Object(App\\Models\\Consultation))
#2 /var/www/html/ssisgh/test-api/vendor/laravel/framework/src/Illuminate/Events/Dispatcher.php(347): App\\Models\\Consultation::App\\Models\\{closure}(Object(App\\Models\\Consultation))
#3 /var/www/html/ssisgh/test-api/vendor/laravel/framework/src/Illuminate/Events/Dispatcher.php(196): Illuminate\\Events\\Dispatcher->Illuminate\\Events\\{closure}('eloquent.update...', Array)
#4 /var/www/html/ssisgh/test-api/vendor/laravel/framework/src/Illuminate/Database/Eloquent/Concerns/HasEvents.php(188): Illuminate\\Events\\Dispatcher->dispatch('eloquent.update...', Array)
#5 /var/www/html/ssisgh/test-api/vendor/laravel/framework/src/Illuminate/Database/Eloquent/Model.php(749): Illuminate\\Database\\Eloquent\\Model->fireModelEvent('updated', false)
#6 /var/www/html/ssisgh/test-api/vendor/laravel/framework/src/Illuminate/Database/Eloquent/Model.php(660): Illuminate\\Database\\Eloquent\\Model->performUpdate(Object(Illuminate\\Database\\Eloquent\\Builder))
#7 /var/www/html/ssisgh/test-api/app/Repositories/RepositoryEloquent.php(143): Illuminate\\Database\\Eloquent\\Model->save()
#8 /var/www/html/ssisgh/test-api/app/Http/Controllers/Registration/ConsultationController.php(130): App\\Repositories\\RepositoryEloquent->update(Array, '93')
#9 [internal function]: App\\Http\\Controllers\\Registration\\ConsultationController->update(Object(App\\Http\\Requests\\Registrations\\ConsultationRequest), '93')
#10 /var/www/html/ssisgh/test-api/vendor/laravel/framework/src/Illuminate/Routing/Controller.php(54): call_user_func_array(Array, Array)
#11 /var/www/html/ssisgh/test-api/vendor/laravel/framework/src/Illuminate/Routing/ControllerDispatcher.php(45): Illuminate\\Routing\\Controller->callAction('update', Array)
#12 /var/www/html/ssisgh/test-api/vendor/laravel/framework/src/Illuminate/Routing/Route.php(219): Illuminate\\Routing\\ControllerDispatcher->dispatch(Object(Illuminate\\Routing\\Route), Object(App\\Http\\Controllers\\Registration\\ConsultationController), 'update')
#13 /var/www/html/ssisgh/test-api/vendor/laravel/framework/src/Illuminate/Routing/Route.php(176): Illuminate\\Routing\\Route->runController()
#14 /var/www/html/ssisgh/test-api/vendor/laravel/framework/src/Illuminate/Routing/Router.php(681): Illuminate\\Routing\\Route->run()
#15 /var/www/html/ssisgh/test-api/vendor/laravel/framework/src/Illuminate/Pipeline/Pipeline.php(130): Illuminate\\Routing\\Router->Illuminate\\Routing\\{closure}(Object(Illuminate\\Http\\Request))
#16 /var/www/html/ssisgh/test-api/app/Http/Middleware/RolesAuth.php(51): Illuminate\\Pipeline\\Pipeline->Illuminate\\Pipeline\\{closure}(Object(Illuminate\\Http\\Request))
#17 /var/www/html/ssisgh/test-api/vendor/laravel/framework/src/Illuminate/Pipeline/Pipeline.php(171): App\\Http\\Middleware\\RolesAuth->handle(Object(Illuminate\\Http\\Request), Object(Closure))
#18 /var/www/html/ssisgh/test-api/vendor/barryvdh/laravel-cors/src/HandleCors.php(58): Illuminate\\Pipeline\\Pipeline->Illuminate\\Pipeline\\{closure}(Object(Illuminate\\Http\\Request))
#19 /var/www/html/ssisgh/test-api/vendor/laravel/framework/src/Illuminate/Pipeline/Pipeline.php(171): Barryvdh\\Cors\\HandleCors->handle(Object(Illuminate\\Http\\Request), Object(Closure))
#20 /var/www/html/ssisgh/test-api/vendor/laravel/framework/src/Illuminate/Routing/Middleware/SubstituteBindings.php(41): Illuminate\\Pipeline\\Pipeline->Illuminate\\Pipeline\\{closure}(Object(Illuminate\\Http\\Request))
#21 /var/www/html/ssisgh/test-api/vendor/laravel/framework/src/Illuminate/Pipeline/Pipeline.php(171): Illuminate\\Routing\\Middleware\\SubstituteBindings->handle(Object(Illuminate\\Http\\Request), Object(Closure))
#22 /var/www/html/ssisgh/test-api/vendor/laravel/framework/src/Illuminate/Routing/Middleware/ThrottleRequests.php(59): Illuminate\\Pipeline\\Pipeline->Illuminate\\Pipeline\\{closure}(Object(Illuminate\\Http\\Request))
#23 /var/www/html/ssisgh/test-api/vendor/laravel/framework/src/Illuminate/Pipeline/Pipeline.php(171): Illuminate\\Routing\\Middleware\\ThrottleRequests->handle(Object(Illuminate\\Http\\Request), Object(Closure), 60, '1')
#24 /var/www/html/ssisgh/test-api/vendor/laravel/framework/src/Illuminate/Pipeline/Pipeline.php(105): Illuminate\\Pipeline\\Pipeline->Illuminate\\Pipeline\\{closure}(Object(Illuminate\\Http\\Request))
#25 /var/www/html/ssisgh/test-api/vendor/laravel/framework/src/Illuminate/Routing/Router.php(683): Illuminate\\Pipeline\\Pipeline->then(Object(Closure))
#26 /var/www/html/ssisgh/test-api/vendor/laravel/framework/src/Illuminate/Routing/Router.php(658): Illuminate\\Routing\\Router->runRouteWithinStack(Object(Illuminate\\Routing\\Route), Object(Illuminate\\Http\\Request))
#27 /var/www/html/ssisgh/test-api/vendor/laravel/framework/src/Illuminate/Routing/Router.php(624): Illuminate\\Routing\\Router->runRoute(Object(Illuminate\\Http\\Request), Object(Illuminate\\Routing\\Route))
#28 /var/www/html/ssisgh/test-api/vendor/laravel/framework/src/Illuminate/Routing/Router.php(613): Illuminate\\Routing\\Router->dispatchToRoute(Object(Illuminate\\Http\\Request))
#29 /var/www/html/ssisgh/test-api/vendor/laravel/framework/src/Illuminate/Foundation/Http/Kernel.php(170): Illuminate\\Routing\\Router->dispatch(Object(Illuminate\\Http\\Request))
#30 /var/www/html/ssisgh/test-api/vendor/laravel/framework/src/Illuminate/Pipeline/Pipeline.php(130): Illuminate\\Foundation\\Http\\Kernel->Illuminate\\Foundation\\Http\\{closure}(Object(Illuminate\\Http\\Request))
#31 /var/www/html/ssisgh/test-api/vendor/barryvdh/laravel-cors/src/HandleCors.php(58): Illuminate\\Pipeline\\Pipeline->Illuminate\\Pipeline\\{closure}(Object(Illuminate\\Http\\Request))
#32 /var/www/html/ssisgh/test-api/vendor/laravel/framework/src/Illuminate/Pipeline/Pipeline.php(171): Barryvdh\\Cors\\HandleCors->handle(Object(Illuminate\\Http\\Request), Object(Closure))
#33 /var/www/html/ssisgh/test-api/vendor/laravel/framework/src/Illuminate/Foundation/Http/Middleware/TransformsRequest.php(21): Illuminate\\Pipeline\\Pipeline->Illuminate\\Pipeline\\{closure}(Object(Illuminate\\Http\\Request))
#34 /var/www/html/ssisgh/test-api/vendor/laravel/framework/src/Illuminate/Pipeline/Pipeline.php(171): Illuminate\\Foundation\\Http\\Middleware\\TransformsRequest->handle(Object(Illuminate\\Http\\Request), Object(Closure))
#35 /var/www/html/ssisgh/test-api/vendor/laravel/framework/src/Illuminate/Foundation/Http/Middleware/TransformsRequest.php(21): Illuminate\\Pipeline\\Pipeline->Illuminate\\Pipeline\\{closure}(Object(Illuminate\\Http\\Request))
#36 /var/www/html/ssisgh/test-api/vendor/laravel/framework/src/Illuminate/Pipeline/Pipeline.php(171): Illuminate\\Foundation\\Http\\Middleware\\TransformsRequest->handle(Object(Illuminate\\Http\\Request), Object(Closure))
#37 /var/www/html/ssisgh/test-api/vendor/laravel/framework/src/Illuminate/Foundation/Http/Middleware/ValidatePostSize.php(27): Illuminate\\Pipeline\\Pipeline->Illuminate\\Pipeline\\{closure}(Object(Illuminate\\Http\\Request))
#38 /var/www/html/ssisgh/test-api/vendor/laravel/framework/src/Illuminate/Pipeline/Pipeline.php(171): Illuminate\\Foundation\\Http\\Middleware\\ValidatePostSize->handle(Object(Illuminate\\Http\\Request), Object(Closure))
#39 /var/www/html/ssisgh/test-api/vendor/laravel/framework/src/Illuminate/Foundation/Http/Middleware/CheckForMaintenanceMode.php(63): Illuminate\\Pipeline\\Pipeline->Illuminate\\Pipeline\\{closure}(Object(Illuminate\\Http\\Request))
#40 /var/www/html/ssisgh/test-api/vendor/laravel/framework/src/Illuminate/Pipeline/Pipeline.php(171): Illuminate\\Foundation\\Http\\Middleware\\CheckForMaintenanceMode->handle(Object(Illuminate\\Http\\Request), Object(Closure))
#41 /var/www/html/ssisgh/test-api/vendor/fideloper/proxy/src/TrustProxies.php(57): Illuminate\\Pipeline\\Pipeline->Illuminate\\Pipeline\\{closure}(Object(Illuminate\\Http\\Request))
#42 /var/www/html/ssisgh/test-api/vendor/laravel/framework/src/Illuminate/Pipeline/Pipeline.php(171): Fideloper\\Proxy\\TrustProxies->handle(Object(Illuminate\\Http\\Request), Object(Closure))
#43 /var/www/html/ssisgh/test-api/vendor/laravel/framework/src/Illuminate/Pipeline/Pipeline.php(105): Illuminate\\Pipeline\\Pipeline->Illuminate\\Pipeline\\{closure}(Object(Illuminate\\Http\\Request))
#44 /var/www/html/ssisgh/test-api/vendor/laravel/framework/src/Illuminate/Foundation/Http/Kernel.php(145): Illuminate\\Pipeline\\Pipeline->then(Object(Closure))
#45 /var/www/html/ssisgh/test-api/vendor/laravel/framework/src/Illuminate/Foundation/Http/Kernel.php(110): Illuminate\\Foundation\\Http\\Kernel->sendRequestThroughRouter(Object(Illuminate\\Http\\Request))
#46 /var/www/html/ssisgh/test-api/public/index.php(55): Illuminate\\Foundation\\Http\\Kernel->handle(Object(Illuminate\\Http\\Request))
#47 {main}
"} 
[2020-04-05 17:16:07] local.ERROR: Creating default object from empty value {"userId":"050c9e9b-3337-41b3-876c-b41f013b1227","exception":"[object] (ErrorException(code: 0): Creating default object from empty value at /var/www/html/ssisgh/test-api/app/Models/Attendance.php:22)
[stacktrace]
#0 /var/www/html/ssisgh/test-api/app/Models/Attendance.php(22): Illuminate\\Foundation\\Bootstrap\\HandleExceptions->handleError(2, 'Creating defaul...', '/var/www/html/s...', 22, Array)
#1 /var/www/html/ssisgh/test-api/app/Models/Consultation.php(114): App\\Models\\Attendance::updateObject(Object(App\\Models\\Consultation))
#2 /var/www/html/ssisgh/test-api/vendor/laravel/framework/src/Illuminate/Events/Dispatcher.php(347): App\\Models\\Consultation::App\\Models\\{closure}(Object(App\\Models\\Consultation))
#3 /var/www/html/ssisgh/test-api/vendor/laravel/framework/src/Illuminate/Events/Dispatcher.php(196): Illuminate\\Events\\Dispatcher->Illuminate\\Events\\{closure}('eloquent.update...', Array)
#4 /var/www/html/ssisgh/test-api/vendor/laravel/framework/src/Illuminate/Database/Eloquent/Concerns/HasEvents.php(188): Illuminate\\Events\\Dispatcher->dispatch('eloquent.update...', Array)
#5 /var/www/html/ssisgh/test-api/vendor/laravel/framework/src/Illuminate/Database/Eloquent/Model.php(749): Illuminate\\Database\\Eloquent\\Model->fireModelEvent('updated', false)
#6 /var/www/html/ssisgh/test-api/vendor/laravel/framework/src/Illuminate/Database/Eloquent/Model.php(660): Illuminate\\Database\\Eloquent\\Model->performUpdate(Object(Illuminate\\Database\\Eloquent\\Builder))
#7 /var/www/html/ssisgh/test-api/app/Repositories/RepositoryEloquent.php(143): Illuminate\\Database\\Eloquent\\Model->save()
#8 /var/www/html/ssisgh/test-api/app/Http/Controllers/Registration/ConsultationController.php(130): App\\Repositories\\RepositoryEloquent->update(Array, '93')
#9 [internal function]: App\\Http\\Controllers\\Registration\\ConsultationController->update(Object(App\\Http\\Requests\\Registrations\\ConsultationRequest), '93')
#10 /var/www/html/ssisgh/test-api/vendor/laravel/framework/src/Illuminate/Routing/Controller.php(54): call_user_func_array(Array, Array)
#11 /var/www/html/ssisgh/test-api/vendor/laravel/framework/src/Illuminate/Routing/ControllerDispatcher.php(45): Illuminate\\Routing\\Controller->callAction('update', Array)
#12 /var/www/html/ssisgh/test-api/vendor/laravel/framework/src/Illuminate/Routing/Route.php(219): Illuminate\\Routing\\ControllerDispatcher->dispatch(Object(Illuminate\\Routing\\Route), Object(App\\Http\\Controllers\\Registration\\ConsultationController), 'update')
#13 /var/www/html/ssisgh/test-api/vendor/laravel/framework/src/Illuminate/Routing/Route.php(176): Illuminate\\Routing\\Route->runController()
#14 /var/www/html/ssisgh/test-api/vendor/laravel/framework/src/Illuminate/Routing/Router.php(681): Illuminate\\Routing\\Route->run()
#15 /var/www/html/ssisgh/test-api/vendor/laravel/framework/src/Illuminate/Pipeline/Pipeline.php(130): Illuminate\\Routing\\Router->Illuminate\\Routing\\{closure}(Object(Illuminate\\Http\\Request))
#16 /var/www/html/ssisgh/test-api/app/Http/Middleware/RolesAuth.php(51): Illuminate\\Pipeline\\Pipeline->Illuminate\\Pipeline\\{closure}(Object(Illuminate\\Http\\Request))
#17 /var/www/html/ssisgh/test-api/vendor/laravel/framework/src/Illuminate/Pipeline/Pipeline.php(171): App\\Http\\Middleware\\RolesAuth->handle(Object(Illuminate\\Http\\Request), Object(Closure))
#18 /var/www/html/ssisgh/test-api/vendor/barryvdh/laravel-cors/src/HandleCors.php(58): Illuminate\\Pipeline\\Pipeline->Illuminate\\Pipeline\\{closure}(Object(Illuminate\\Http\\Request))
#19 /var/www/html/ssisgh/test-api/vendor/laravel/framework/src/Illuminate/Pipeline/Pipeline.php(171): Barryvdh\\Cors\\HandleCors->handle(Object(Illuminate\\Http\\Request), Object(Closure))
#20 /var/www/html/ssisgh/test-api/vendor/laravel/framework/src/Illuminate/Routing/Middleware/SubstituteBindings.php(41): Illuminate\\Pipeline\\Pipeline->Illuminate\\Pipeline\\{closure}(Object(Illuminate\\Http\\Request))
#21 /var/www/html/ssisgh/test-api/vendor/laravel/framework/src/Illuminate/Pipeline/Pipeline.php(171): Illuminate\\Routing\\Middleware\\SubstituteBindings->handle(Object(Illuminate\\Http\\Request), Object(Closure))
#22 /var/www/html/ssisgh/test-api/vendor/laravel/framework/src/Illuminate/Routing/Middleware/ThrottleRequests.php(59): Illuminate\\Pipeline\\Pipeline->Illuminate\\Pipeline\\{closure}(Object(Illuminate\\Http\\Request))
#23 /var/www/html/ssisgh/test-api/vendor/laravel/framework/src/Illuminate/Pipeline/Pipeline.php(171): Illuminate\\Routing\\Middleware\\ThrottleRequests->handle(Object(Illuminate\\Http\\Request), Object(Closure), 60, '1')
#24 /var/www/html/ssisgh/test-api/vendor/laravel/framework/src/Illuminate/Pipeline/Pipeline.php(105): Illuminate\\Pipeline\\Pipeline->Illuminate\\Pipeline\\{closure}(Object(Illuminate\\Http\\Request))
#25 /var/www/html/ssisgh/test-api/vendor/laravel/framework/src/Illuminate/Routing/Router.php(683): Illuminate\\Pipeline\\Pipeline->then(Object(Closure))
#26 /var/www/html/ssisgh/test-api/vendor/laravel/framework/src/Illuminate/Routing/Router.php(658): Illuminate\\Routing\\Router->runRouteWithinStack(Object(Illuminate\\Routing\\Route), Object(Illuminate\\Http\\Request))
#27 /var/www/html/ssisgh/test-api/vendor/laravel/framework/src/Illuminate/Routing/Router.php(624): Illuminate\\Routing\\Router->runRoute(Object(Illuminate\\Http\\Request), Object(Illuminate\\Routing\\Route))
#28 /var/www/html/ssisgh/test-api/vendor/laravel/framework/src/Illuminate/Routing/Router.php(613): Illuminate\\Routing\\Router->dispatchToRoute(Object(Illuminate\\Http\\Request))
#29 /var/www/html/ssisgh/test-api/vendor/laravel/framework/src/Illuminate/Foundation/Http/Kernel.php(170): Illuminate\\Routing\\Router->dispatch(Object(Illuminate\\Http\\Request))
#30 /var/www/html/ssisgh/test-api/vendor/laravel/framework/src/Illuminate/Pipeline/Pipeline.php(130): Illuminate\\Foundation\\Http\\Kernel->Illuminate\\Foundation\\Http\\{closure}(Object(Illuminate\\Http\\Request))
#31 /var/www/html/ssisgh/test-api/vendor/barryvdh/laravel-cors/src/HandleCors.php(58): Illuminate\\Pipeline\\Pipeline->Illuminate\\Pipeline\\{closure}(Object(Illuminate\\Http\\Request))
#32 /var/www/html/ssisgh/test-api/vendor/laravel/framework/src/Illuminate/Pipeline/Pipeline.php(171): Barryvdh\\Cors\\HandleCors->handle(Object(Illuminate\\Http\\Request), Object(Closure))
#33 /var/www/html/ssisgh/test-api/vendor/laravel/framework/src/Illuminate/Foundation/Http/Middleware/TransformsRequest.php(21): Illuminate\\Pipeline\\Pipeline->Illuminate\\Pipeline\\{closure}(Object(Illuminate\\Http\\Request))
#34 /var/www/html/ssisgh/test-api/vendor/laravel/framework/src/Illuminate/Pipeline/Pipeline.php(171): Illuminate\\Foundation\\Http\\Middleware\\TransformsRequest->handle(Object(Illuminate\\Http\\Request), Object(Closure))
#35 /var/www/html/ssisgh/test-api/vendor/laravel/framework/src/Illuminate/Foundation/Http/Middleware/TransformsRequest.php(21): Illuminate\\Pipeline\\Pipeline->Illuminate\\Pipeline\\{closure}(Object(Illuminate\\Http\\Request))
#36 /var/www/html/ssisgh/test-api/vendor/laravel/framework/src/Illuminate/Pipeline/Pipeline.php(171): Illuminate\\Foundation\\Http\\Middleware\\TransformsRequest->handle(Object(Illuminate\\Http\\Request), Object(Closure))
#37 /var/www/html/ssisgh/test-api/vendor/laravel/framework/src/Illuminate/Foundation/Http/Middleware/ValidatePostSize.php(27): Illuminate\\Pipeline\\Pipeline->Illuminate\\Pipeline\\{closure}(Object(Illuminate\\Http\\Request))
#38 /var/www/html/ssisgh/test-api/vendor/laravel/framework/src/Illuminate/Pipeline/Pipeline.php(171): Illuminate\\Foundation\\Http\\Middleware\\ValidatePostSize->handle(Object(Illuminate\\Http\\Request), Object(Closure))
#39 /var/www/html/ssisgh/test-api/vendor/laravel/framework/src/Illuminate/Foundation/Http/Middleware/CheckForMaintenanceMode.php(63): Illuminate\\Pipeline\\Pipeline->Illuminate\\Pipeline\\{closure}(Object(Illuminate\\Http\\Request))
#40 /var/www/html/ssisgh/test-api/vendor/laravel/framework/src/Illuminate/Pipeline/Pipeline.php(171): Illuminate\\Foundation\\Http\\Middleware\\CheckForMaintenanceMode->handle(Object(Illuminate\\Http\\Request), Object(Closure))
#41 /var/www/html/ssisgh/test-api/vendor/fideloper/proxy/src/TrustProxies.php(57): Illuminate\\Pipeline\\Pipeline->Illuminate\\Pipeline\\{closure}(Object(Illuminate\\Http\\Request))
#42 /var/www/html/ssisgh/test-api/vendor/laravel/framework/src/Illuminate/Pipeline/Pipeline.php(171): Fideloper\\Proxy\\TrustProxies->handle(Object(Illuminate\\Http\\Request), Object(Closure))
#43 /var/www/html/ssisgh/test-api/vendor/laravel/framework/src/Illuminate/Pipeline/Pipeline.php(105): Illuminate\\Pipeline\\Pipeline->Illuminate\\Pipeline\\{closure}(Object(Illuminate\\Http\\Request))
#44 /var/www/html/ssisgh/test-api/vendor/laravel/framework/src/Illuminate/Foundation/Http/Kernel.php(145): Illuminate\\Pipeline\\Pipeline->then(Object(Closure))
#45 /var/www/html/ssisgh/test-api/vendor/laravel/framework/src/Illuminate/Foundation/Http/Kernel.php(110): Illuminate\\Foundation\\Http\\Kernel->sendRequestThroughRouter(Object(Illuminate\\Http\\Request))
#46 /var/www/html/ssisgh/test-api/public/index.php(55): Illuminate\\Foundation\\Http\\Kernel->handle(Object(Illuminate\\Http\\Request))
#47 {main}
"} 
