[2020-01-30 11:31:24] local.ERROR: SQLSTATE[42S01]: Base table or view already exists: 1050 Table 'patient_sponsors' already exists (SQL: create table `patient_sponsors` (`id` bigint unsigned not null auto_increment primary key, `patient_id` bigint unsigned not null, `billing_sponsor_id` bigint unsigned not null, `sponsorship_policy_id` bigint unsigned null, `priority` int unsigned not null comment 'priority  number', `member_id` varchar(255) not null, `card_serial_no` varchar(255) null, `company_id` bigint unsigned null, `staff_name` varchar(255) null, `staff_id` varchar(255) null, `benefit_type` enum('SELF', 'DEPENDANT', 'BABY') not null default 'SELF', `relation_id` int unsigned null, `issued_date` date not null, `expiry_date` date null, `status` enum('ACTIVE', 'INACTIVE', 'TERMINATED', 'BLACKLISTED') not null default 'ACTIVE', `created_at` timestamp null, `updated_at` timestamp null, `deleted_at` timestamp null) default character set utf8mb4 collate 'utf8mb4_unicode_ci' engine = InnoDB) {"exception":"[object] (Illuminate\\Database\\QueryException(code: 42S01): SQLSTATE[42S01]: Base table or view already exists: 1050 Table 'patient_sponsors' already exists (SQL: create table `patient_sponsors` (`id` bigint unsigned not null auto_increment primary key, `patient_id` bigint unsigned not null, `billing_sponsor_id` bigint unsigned not null, `sponsorship_policy_id` bigint unsigned null, `priority` int unsigned not null comment 'priority  number', `member_id` varchar(255) not null, `card_serial_no` varchar(255) null, `company_id` bigint unsigned null, `staff_name` varchar(255) null, `staff_id` varchar(255) null, `benefit_type` enum('SELF', 'DEPENDANT', 'BABY') not null default 'SELF', `relation_id` int unsigned null, `issued_date` date not null, `expiry_date` date null, `status` enum('ACTIVE', 'INACTIVE', 'TERMINATED', 'BLACKLISTED') not null default 'ACTIVE', `created_at` timestamp null, `updated_at` timestamp null, `deleted_at` timestamp null) default character set utf8mb4 collate 'utf8mb4_unicode_ci' engine = InnoDB) at /var/www/html/ssisgh/test-api/vendor/laravel/framework/src/Illuminate/Database/Connection.php:669)
[stacktrace]
#0 /var/www/html/ssisgh/test-api/vendor/laravel/framework/src/Illuminate/Database/Connection.php(629): Illuminate\\Database\\Connection->runQueryCallback('create table `p...', Array, Object(Closure))
#1 /var/www/html/ssisgh/test-api/vendor/laravel/framework/src/Illuminate/Database/Connection.php(464): Illuminate\\Database\\Connection->run('create table `p...', Array, Object(Closure))
#2 /var/www/html/ssisgh/test-api/vendor/laravel/framework/src/Illuminate/Database/Schema/Blueprint.php(97): Illuminate\\Database\\Connection->statement('create table `p...')
#3 /var/www/html/ssisgh/test-api/vendor/laravel/framework/src/Illuminate/Database/Schema/Builder.php(290): Illuminate\\Database\\Schema\\Blueprint->build(Object(Illuminate\\Database\\MySqlConnection), Object(Illuminate\\Database\\Schema\\Grammars\\MySqlGrammar))
#4 /var/www/html/ssisgh/test-api/vendor/laravel/framework/src/Illuminate/Database/Schema/Builder.php(167): Illuminate\\Database\\Schema\\Builder->build(Object(Illuminate\\Database\\Schema\\Blueprint))
#5 /var/www/html/ssisgh/test-api/vendor/laravel/framework/src/Illuminate/Support/Facades/Facade.php(261): Illuminate\\Database\\Schema\\Builder->create('patient_sponsor...', Object(Closure))
#6 /var/www/html/ssisgh/test-api/database/migrations/2019_12_05_193560_create_patient_sponsors_table.php(42): Illuminate\\Support\\Facades\\Facade::__callStatic('create', Array)
#7 /var/www/html/ssisgh/test-api/vendor/laravel/framework/src/Illuminate/Database/Migrations/Migrator.php(387): CreatePatientSponsorsTable->up()
#8 /var/www/html/ssisgh/test-api/vendor/laravel/framework/src/Illuminate/Database/Migrations/Migrator.php(396): Illuminate\\Database\\Migrations\\Migrator->Illuminate\\Database\\Migrations\\{closure}()
#9 /var/www/html/ssisgh/test-api/vendor/laravel/framework/src/Illuminate/Database/Migrations/Migrator.php(197): Illuminate\\Database\\Migrations\\Migrator->runMigration(Object(CreatePatientSponsorsTable), 'up')
#10 /var/www/html/ssisgh/test-api/vendor/laravel/framework/src/Illuminate/Database/Migrations/Migrator.php(162): Illuminate\\Database\\Migrations\\Migrator->runUp('/var/www/html/s...', 6, false)
#11 /var/www/html/ssisgh/test-api/vendor/laravel/framework/src/Illuminate/Database/Migrations/Migrator.php(109): Illuminate\\Database\\Migrations\\Migrator->runPending(Array, Array)
#12 /var/www/html/ssisgh/test-api/vendor/laravel/framework/src/Illuminate/Database/Console/Migrations/MigrateCommand.php(71): Illuminate\\Database\\Migrations\\Migrator->run(Array, Array)
#13 [internal function]: Illuminate\\Database\\Console\\Migrations\\MigrateCommand->handle()
#14 /var/www/html/ssisgh/test-api/vendor/laravel/framework/src/Illuminate/Container/BoundMethod.php(32): call_user_func_array(Array, Array)
#15 /var/www/html/ssisgh/test-api/vendor/laravel/framework/src/Illuminate/Container/Util.php(36): Illuminate\\Container\\BoundMethod::Illuminate\\Container\\{closure}()
#16 /var/www/html/ssisgh/test-api/vendor/laravel/framework/src/Illuminate/Container/BoundMethod.php(90): Illuminate\\Container\\Util::unwrapIfClosure(Object(Closure))
#17 /var/www/html/ssisgh/test-api/vendor/laravel/framework/src/Illuminate/Container/BoundMethod.php(34): Illuminate\\Container\\BoundMethod::callBoundMethod(Object(App\\Http\\Foundation\\Application), Array, Object(Closure))
#18 /var/www/html/ssisgh/test-api/vendor/laravel/framework/src/Illuminate/Container/Container.php(590): Illuminate\\Container\\BoundMethod::call(Object(App\\Http\\Foundation\\Application), Array, Array, NULL)
#19 /var/www/html/ssisgh/test-api/vendor/laravel/framework/src/Illuminate/Console/Command.php(201): Illuminate\\Container\\Container->call(Array)
#20 /var/www/html/ssisgh/test-api/vendor/symfony/console/Command/Command.php(255): Illuminate\\Console\\Command->execute(Object(Symfony\\Component\\Console\\Input\\ArgvInput), Object(Illuminate\\Console\\OutputStyle))
#21 /var/www/html/ssisgh/test-api/vendor/laravel/framework/src/Illuminate/Console/Command.php(188): Symfony\\Component\\Console\\Command\\Command->run(Object(Symfony\\Component\\Console\\Input\\ArgvInput), Object(Illuminate\\Console\\OutputStyle))
#22 /var/www/html/ssisgh/test-api/vendor/symfony/console/Application.php(1011): Illuminate\\Console\\Command->run(Object(Symfony\\Component\\Console\\Input\\ArgvInput), Object(Symfony\\Component\\Console\\Output\\ConsoleOutput))
#23 /var/www/html/ssisgh/test-api/vendor/symfony/console/Application.php(272): Symfony\\Component\\Console\\Application->doRunCommand(Object(Illuminate\\Database\\Console\\Migrations\\MigrateCommand), Object(Symfony\\Component\\Console\\Input\\ArgvInput), Object(Symfony\\Component\\Console\\Output\\ConsoleOutput))
#24 /var/www/html/ssisgh/test-api/vendor/symfony/console/Application.php(148): Symfony\\Component\\Console\\Application->doRun(Object(Symfony\\Component\\Console\\Input\\ArgvInput), Object(Symfony\\Component\\Console\\Output\\ConsoleOutput))
#25 /var/www/html/ssisgh/test-api/vendor/laravel/framework/src/Illuminate/Console/Application.php(93): Symfony\\Component\\Console\\Application->run(Object(Symfony\\Component\\Console\\Input\\ArgvInput), Object(Symfony\\Component\\Console\\Output\\ConsoleOutput))
#26 /var/www/html/ssisgh/test-api/vendor/laravel/framework/src/Illuminate/Foundation/Console/Kernel.php(131): Illuminate\\Console\\Application->run(Object(Symfony\\Component\\Console\\Input\\ArgvInput), Object(Symfony\\Component\\Console\\Output\\ConsoleOutput))
#27 /var/www/html/ssisgh/test-api/artisan(37): Illuminate\\Foundation\\Console\\Kernel->handle(Object(Symfony\\Component\\Console\\Input\\ArgvInput), Object(Symfony\\Component\\Console\\Output\\ConsoleOutput))
#28 {main}

[previous exception] [object] (PDOException(code: 42S01): SQLSTATE[42S01]: Base table or view already exists: 1050 Table 'patient_sponsors' already exists at /var/www/html/ssisgh/test-api/vendor/laravel/framework/src/Illuminate/Database/Connection.php:463)
[stacktrace]
#0 /var/www/html/ssisgh/test-api/vendor/laravel/framework/src/Illuminate/Database/Connection.php(463): PDOStatement->execute()
#1 /var/www/html/ssisgh/test-api/vendor/laravel/framework/src/Illuminate/Database/Connection.php(662): Illuminate\\Database\\Connection->Illuminate\\Database\\{closure}('create table `p...', Array)
#2 /var/www/html/ssisgh/test-api/vendor/laravel/framework/src/Illuminate/Database/Connection.php(629): Illuminate\\Database\\Connection->runQueryCallback('create table `p...', Array, Object(Closure))
#3 /var/www/html/ssisgh/test-api/vendor/laravel/framework/src/Illuminate/Database/Connection.php(464): Illuminate\\Database\\Connection->run('create table `p...', Array, Object(Closure))
#4 /var/www/html/ssisgh/test-api/vendor/laravel/framework/src/Illuminate/Database/Schema/Blueprint.php(97): Illuminate\\Database\\Connection->statement('create table `p...')
#5 /var/www/html/ssisgh/test-api/vendor/laravel/framework/src/Illuminate/Database/Schema/Builder.php(290): Illuminate\\Database\\Schema\\Blueprint->build(Object(Illuminate\\Database\\MySqlConnection), Object(Illuminate\\Database\\Schema\\Grammars\\MySqlGrammar))
#6 /var/www/html/ssisgh/test-api/vendor/laravel/framework/src/Illuminate/Database/Schema/Builder.php(167): Illuminate\\Database\\Schema\\Builder->build(Object(Illuminate\\Database\\Schema\\Blueprint))
#7 /var/www/html/ssisgh/test-api/vendor/laravel/framework/src/Illuminate/Support/Facades/Facade.php(261): Illuminate\\Database\\Schema\\Builder->create('patient_sponsor...', Object(Closure))
#8 /var/www/html/ssisgh/test-api/database/migrations/2019_12_05_193560_create_patient_sponsors_table.php(42): Illuminate\\Support\\Facades\\Facade::__callStatic('create', Array)
#9 /var/www/html/ssisgh/test-api/vendor/laravel/framework/src/Illuminate/Database/Migrations/Migrator.php(387): CreatePatientSponsorsTable->up()
#10 /var/www/html/ssisgh/test-api/vendor/laravel/framework/src/Illuminate/Database/Migrations/Migrator.php(396): Illuminate\\Database\\Migrations\\Migrator->Illuminate\\Database\\Migrations\\{closure}()
#11 /var/www/html/ssisgh/test-api/vendor/laravel/framework/src/Illuminate/Database/Migrations/Migrator.php(197): Illuminate\\Database\\Migrations\\Migrator->runMigration(Object(CreatePatientSponsorsTable), 'up')
#12 /var/www/html/ssisgh/test-api/vendor/laravel/framework/src/Illuminate/Database/Migrations/Migrator.php(162): Illuminate\\Database\\Migrations\\Migrator->runUp('/var/www/html/s...', 6, false)
#13 /var/www/html/ssisgh/test-api/vendor/laravel/framework/src/Illuminate/Database/Migrations/Migrator.php(109): Illuminate\\Database\\Migrations\\Migrator->runPending(Array, Array)
#14 /var/www/html/ssisgh/test-api/vendor/laravel/framework/src/Illuminate/Database/Console/Migrations/MigrateCommand.php(71): Illuminate\\Database\\Migrations\\Migrator->run(Array, Array)
#15 [internal function]: Illuminate\\Database\\Console\\Migrations\\MigrateCommand->handle()
#16 /var/www/html/ssisgh/test-api/vendor/laravel/framework/src/Illuminate/Container/BoundMethod.php(32): call_user_func_array(Array, Array)
#17 /var/www/html/ssisgh/test-api/vendor/laravel/framework/src/Illuminate/Container/Util.php(36): Illuminate\\Container\\BoundMethod::Illuminate\\Container\\{closure}()
#18 /var/www/html/ssisgh/test-api/vendor/laravel/framework/src/Illuminate/Container/BoundMethod.php(90): Illuminate\\Container\\Util::unwrapIfClosure(Object(Closure))
#19 /var/www/html/ssisgh/test-api/vendor/laravel/framework/src/Illuminate/Container/BoundMethod.php(34): Illuminate\\Container\\BoundMethod::callBoundMethod(Object(App\\Http\\Foundation\\Application), Array, Object(Closure))
#20 /var/www/html/ssisgh/test-api/vendor/laravel/framework/src/Illuminate/Container/Container.php(590): Illuminate\\Container\\BoundMethod::call(Object(App\\Http\\Foundation\\Application), Array, Array, NULL)
#21 /var/www/html/ssisgh/test-api/vendor/laravel/framework/src/Illuminate/Console/Command.php(201): Illuminate\\Container\\Container->call(Array)
#22 /var/www/html/ssisgh/test-api/vendor/symfony/console/Command/Command.php(255): Illuminate\\Console\\Command->execute(Object(Symfony\\Component\\Console\\Input\\ArgvInput), Object(Illuminate\\Console\\OutputStyle))
#23 /var/www/html/ssisgh/test-api/vendor/laravel/framework/src/Illuminate/Console/Command.php(188): Symfony\\Component\\Console\\Command\\Command->run(Object(Symfony\\Component\\Console\\Input\\ArgvInput), Object(Illuminate\\Console\\OutputStyle))
#24 /var/www/html/ssisgh/test-api/vendor/symfony/console/Application.php(1011): Illuminate\\Console\\Command->run(Object(Symfony\\Component\\Console\\Input\\ArgvInput), Object(Symfony\\Component\\Console\\Output\\ConsoleOutput))
#25 /var/www/html/ssisgh/test-api/vendor/symfony/console/Application.php(272): Symfony\\Component\\Console\\Application->doRunCommand(Object(Illuminate\\Database\\Console\\Migrations\\MigrateCommand), Object(Symfony\\Component\\Console\\Input\\ArgvInput), Object(Symfony\\Component\\Console\\Output\\ConsoleOutput))
#26 /var/www/html/ssisgh/test-api/vendor/symfony/console/Application.php(148): Symfony\\Component\\Console\\Application->doRun(Object(Symfony\\Component\\Console\\Input\\ArgvInput), Object(Symfony\\Component\\Console\\Output\\ConsoleOutput))
#27 /var/www/html/ssisgh/test-api/vendor/laravel/framework/src/Illuminate/Console/Application.php(93): Symfony\\Component\\Console\\Application->run(Object(Symfony\\Component\\Console\\Input\\ArgvInput), Object(Symfony\\Component\\Console\\Output\\ConsoleOutput))
#28 /var/www/html/ssisgh/test-api/vendor/laravel/framework/src/Illuminate/Foundation/Console/Kernel.php(131): Illuminate\\Console\\Application->run(Object(Symfony\\Component\\Console\\Input\\ArgvInput), Object(Symfony\\Component\\Console\\Output\\ConsoleOutput))
#29 /var/www/html/ssisgh/test-api/artisan(37): Illuminate\\Foundation\\Console\\Kernel->handle(Object(Symfony\\Component\\Console\\Input\\ArgvInput), Object(Symfony\\Component\\Console\\Output\\ConsoleOutput))
#30 {main}
"} 
[2020-01-30 11:49:51] local.ERROR: SQLSTATE[42S01]: Base table or view already exists: 1050 Table 'patient_sponsors' already exists (SQL: create table `patient_sponsors` (`id` bigint unsigned not null auto_increment primary key, `patient_id` bigint unsigned not null, `billing_sponsor_id` bigint unsigned not null, `sponsorship_policy_id` bigint unsigned null, `priority` int unsigned not null comment 'priority  number', `member_id` varchar(255) not null, `card_serial_no` varchar(255) null, `company_id` bigint unsigned null, `staff_name` varchar(255) null, `staff_id` varchar(255) null, `benefit_type` enum('SELF', 'DEPENDANT', 'BABY') not null default 'SELF', `relation_id` int unsigned null, `issued_date` date not null, `expiry_date` date null, `status` enum('ACTIVE', 'INACTIVE', 'TERMINATED', 'BLACKLISTED') not null default 'ACTIVE', `created_at` timestamp null, `updated_at` timestamp null, `deleted_at` timestamp null) default character set utf8mb4 collate 'utf8mb4_unicode_ci' engine = InnoDB) {"exception":"[object] (Illuminate\\Database\\QueryException(code: 42S01): SQLSTATE[42S01]: Base table or view already exists: 1050 Table 'patient_sponsors' already exists (SQL: create table `patient_sponsors` (`id` bigint unsigned not null auto_increment primary key, `patient_id` bigint unsigned not null, `billing_sponsor_id` bigint unsigned not null, `sponsorship_policy_id` bigint unsigned null, `priority` int unsigned not null comment 'priority  number', `member_id` varchar(255) not null, `card_serial_no` varchar(255) null, `company_id` bigint unsigned null, `staff_name` varchar(255) null, `staff_id` varchar(255) null, `benefit_type` enum('SELF', 'DEPENDANT', 'BABY') not null default 'SELF', `relation_id` int unsigned null, `issued_date` date not null, `expiry_date` date null, `status` enum('ACTIVE', 'INACTIVE', 'TERMINATED', 'BLACKLISTED') not null default 'ACTIVE', `created_at` timestamp null, `updated_at` timestamp null, `deleted_at` timestamp null) default character set utf8mb4 collate 'utf8mb4_unicode_ci' engine = InnoDB) at /var/www/html/ssisgh/test-api/vendor/laravel/framework/src/Illuminate/Database/Connection.php:669)
[stacktrace]
#0 /var/www/html/ssisgh/test-api/vendor/laravel/framework/src/Illuminate/Database/Connection.php(629): Illuminate\\Database\\Connection->runQueryCallback('create table `p...', Array, Object(Closure))
#1 /var/www/html/ssisgh/test-api/vendor/laravel/framework/src/Illuminate/Database/Connection.php(464): Illuminate\\Database\\Connection->run('create table `p...', Array, Object(Closure))
#2 /var/www/html/ssisgh/test-api/vendor/laravel/framework/src/Illuminate/Database/Schema/Blueprint.php(97): Illuminate\\Database\\Connection->statement('create table `p...')
#3 /var/www/html/ssisgh/test-api/vendor/laravel/framework/src/Illuminate/Database/Schema/Builder.php(290): Illuminate\\Database\\Schema\\Blueprint->build(Object(Illuminate\\Database\\MySqlConnection), Object(Illuminate\\Database\\Schema\\Grammars\\MySqlGrammar))
#4 /var/www/html/ssisgh/test-api/vendor/laravel/framework/src/Illuminate/Database/Schema/Builder.php(167): Illuminate\\Database\\Schema\\Builder->build(Object(Illuminate\\Database\\Schema\\Blueprint))
#5 /var/www/html/ssisgh/test-api/vendor/laravel/framework/src/Illuminate/Support/Facades/Facade.php(261): Illuminate\\Database\\Schema\\Builder->create('patient_sponsor...', Object(Closure))
#6 /var/www/html/ssisgh/test-api/database/migrations/2019_12_05_193560_create_patient_sponsors_table.php(42): Illuminate\\Support\\Facades\\Facade::__callStatic('create', Array)
#7 /var/www/html/ssisgh/test-api/vendor/laravel/framework/src/Illuminate/Database/Migrations/Migrator.php(387): CreatePatientSponsorsTable->up()
#8 /var/www/html/ssisgh/test-api/vendor/laravel/framework/src/Illuminate/Database/Migrations/Migrator.php(396): Illuminate\\Database\\Migrations\\Migrator->Illuminate\\Database\\Migrations\\{closure}()
#9 /var/www/html/ssisgh/test-api/vendor/laravel/framework/src/Illuminate/Database/Migrations/Migrator.php(197): Illuminate\\Database\\Migrations\\Migrator->runMigration(Object(CreatePatientSponsorsTable), 'up')
#10 /var/www/html/ssisgh/test-api/vendor/laravel/framework/src/Illuminate/Database/Migrations/Migrator.php(162): Illuminate\\Database\\Migrations\\Migrator->runUp('/var/www/html/s...', 6, false)
#11 /var/www/html/ssisgh/test-api/vendor/laravel/framework/src/Illuminate/Database/Migrations/Migrator.php(109): Illuminate\\Database\\Migrations\\Migrator->runPending(Array, Array)
#12 /var/www/html/ssisgh/test-api/vendor/laravel/framework/src/Illuminate/Database/Console/Migrations/MigrateCommand.php(71): Illuminate\\Database\\Migrations\\Migrator->run(Array, Array)
#13 [internal function]: Illuminate\\Database\\Console\\Migrations\\MigrateCommand->handle()
#14 /var/www/html/ssisgh/test-api/vendor/laravel/framework/src/Illuminate/Container/BoundMethod.php(32): call_user_func_array(Array, Array)
#15 /var/www/html/ssisgh/test-api/vendor/laravel/framework/src/Illuminate/Container/Util.php(36): Illuminate\\Container\\BoundMethod::Illuminate\\Container\\{closure}()
#16 /var/www/html/ssisgh/test-api/vendor/laravel/framework/src/Illuminate/Container/BoundMethod.php(90): Illuminate\\Container\\Util::unwrapIfClosure(Object(Closure))
#17 /var/www/html/ssisgh/test-api/vendor/laravel/framework/src/Illuminate/Container/BoundMethod.php(34): Illuminate\\Container\\BoundMethod::callBoundMethod(Object(App\\Http\\Foundation\\Application), Array, Object(Closure))
#18 /var/www/html/ssisgh/test-api/vendor/laravel/framework/src/Illuminate/Container/Container.php(590): Illuminate\\Container\\BoundMethod::call(Object(App\\Http\\Foundation\\Application), Array, Array, NULL)
#19 /var/www/html/ssisgh/test-api/vendor/laravel/framework/src/Illuminate/Console/Command.php(201): Illuminate\\Container\\Container->call(Array)
#20 /var/www/html/ssisgh/test-api/vendor/symfony/console/Command/Command.php(255): Illuminate\\Console\\Command->execute(Object(Symfony\\Component\\Console\\Input\\ArgvInput), Object(Illuminate\\Console\\OutputStyle))
#21 /var/www/html/ssisgh/test-api/vendor/laravel/framework/src/Illuminate/Console/Command.php(188): Symfony\\Component\\Console\\Command\\Command->run(Object(Symfony\\Component\\Console\\Input\\ArgvInput), Object(Illuminate\\Console\\OutputStyle))
#22 /var/www/html/ssisgh/test-api/vendor/symfony/console/Application.php(1011): Illuminate\\Console\\Command->run(Object(Symfony\\Component\\Console\\Input\\ArgvInput), Object(Symfony\\Component\\Console\\Output\\ConsoleOutput))
#23 /var/www/html/ssisgh/test-api/vendor/symfony/console/Application.php(272): Symfony\\Component\\Console\\Application->doRunCommand(Object(Illuminate\\Database\\Console\\Migrations\\MigrateCommand), Object(Symfony\\Component\\Console\\Input\\ArgvInput), Object(Symfony\\Component\\Console\\Output\\ConsoleOutput))
#24 /var/www/html/ssisgh/test-api/vendor/symfony/console/Application.php(148): Symfony\\Component\\Console\\Application->doRun(Object(Symfony\\Component\\Console\\Input\\ArgvInput), Object(Symfony\\Component\\Console\\Output\\ConsoleOutput))
#25 /var/www/html/ssisgh/test-api/vendor/laravel/framework/src/Illuminate/Console/Application.php(93): Symfony\\Component\\Console\\Application->run(Object(Symfony\\Component\\Console\\Input\\ArgvInput), Object(Symfony\\Component\\Console\\Output\\ConsoleOutput))
#26 /var/www/html/ssisgh/test-api/vendor/laravel/framework/src/Illuminate/Foundation/Console/Kernel.php(131): Illuminate\\Console\\Application->run(Object(Symfony\\Component\\Console\\Input\\ArgvInput), Object(Symfony\\Component\\Console\\Output\\ConsoleOutput))
#27 /var/www/html/ssisgh/test-api/artisan(37): Illuminate\\Foundation\\Console\\Kernel->handle(Object(Symfony\\Component\\Console\\Input\\ArgvInput), Object(Symfony\\Component\\Console\\Output\\ConsoleOutput))
#28 {main}

[previous exception] [object] (PDOException(code: 42S01): SQLSTATE[42S01]: Base table or view already exists: 1050 Table 'patient_sponsors' already exists at /var/www/html/ssisgh/test-api/vendor/laravel/framework/src/Illuminate/Database/Connection.php:463)
[stacktrace]
#0 /var/www/html/ssisgh/test-api/vendor/laravel/framework/src/Illuminate/Database/Connection.php(463): PDOStatement->execute()
#1 /var/www/html/ssisgh/test-api/vendor/laravel/framework/src/Illuminate/Database/Connection.php(662): Illuminate\\Database\\Connection->Illuminate\\Database\\{closure}('create table `p...', Array)
#2 /var/www/html/ssisgh/test-api/vendor/laravel/framework/src/Illuminate/Database/Connection.php(629): Illuminate\\Database\\Connection->runQueryCallback('create table `p...', Array, Object(Closure))
#3 /var/www/html/ssisgh/test-api/vendor/laravel/framework/src/Illuminate/Database/Connection.php(464): Illuminate\\Database\\Connection->run('create table `p...', Array, Object(Closure))
#4 /var/www/html/ssisgh/test-api/vendor/laravel/framework/src/Illuminate/Database/Schema/Blueprint.php(97): Illuminate\\Database\\Connection->statement('create table `p...')
#5 /var/www/html/ssisgh/test-api/vendor/laravel/framework/src/Illuminate/Database/Schema/Builder.php(290): Illuminate\\Database\\Schema\\Blueprint->build(Object(Illuminate\\Database\\MySqlConnection), Object(Illuminate\\Database\\Schema\\Grammars\\MySqlGrammar))
#6 /var/www/html/ssisgh/test-api/vendor/laravel/framework/src/Illuminate/Database/Schema/Builder.php(167): Illuminate\\Database\\Schema\\Builder->build(Object(Illuminate\\Database\\Schema\\Blueprint))
#7 /var/www/html/ssisgh/test-api/vendor/laravel/framework/src/Illuminate/Support/Facades/Facade.php(261): Illuminate\\Database\\Schema\\Builder->create('patient_sponsor...', Object(Closure))
#8 /var/www/html/ssisgh/test-api/database/migrations/2019_12_05_193560_create_patient_sponsors_table.php(42): Illuminate\\Support\\Facades\\Facade::__callStatic('create', Array)
#9 /var/www/html/ssisgh/test-api/vendor/laravel/framework/src/Illuminate/Database/Migrations/Migrator.php(387): CreatePatientSponsorsTable->up()
#10 /var/www/html/ssisgh/test-api/vendor/laravel/framework/src/Illuminate/Database/Migrations/Migrator.php(396): Illuminate\\Database\\Migrations\\Migrator->Illuminate\\Database\\Migrations\\{closure}()
#11 /var/www/html/ssisgh/test-api/vendor/laravel/framework/src/Illuminate/Database/Migrations/Migrator.php(197): Illuminate\\Database\\Migrations\\Migrator->runMigration(Object(CreatePatientSponsorsTable), 'up')
#12 /var/www/html/ssisgh/test-api/vendor/laravel/framework/src/Illuminate/Database/Migrations/Migrator.php(162): Illuminate\\Database\\Migrations\\Migrator->runUp('/var/www/html/s...', 6, false)
#13 /var/www/html/ssisgh/test-api/vendor/laravel/framework/src/Illuminate/Database/Migrations/Migrator.php(109): Illuminate\\Database\\Migrations\\Migrator->runPending(Array, Array)
#14 /var/www/html/ssisgh/test-api/vendor/laravel/framework/src/Illuminate/Database/Console/Migrations/MigrateCommand.php(71): Illuminate\\Database\\Migrations\\Migrator->run(Array, Array)
#15 [internal function]: Illuminate\\Database\\Console\\Migrations\\MigrateCommand->handle()
#16 /var/www/html/ssisgh/test-api/vendor/laravel/framework/src/Illuminate/Container/BoundMethod.php(32): call_user_func_array(Array, Array)
#17 /var/www/html/ssisgh/test-api/vendor/laravel/framework/src/Illuminate/Container/Util.php(36): Illuminate\\Container\\BoundMethod::Illuminate\\Container\\{closure}()
#18 /var/www/html/ssisgh/test-api/vendor/laravel/framework/src/Illuminate/Container/BoundMethod.php(90): Illuminate\\Container\\Util::unwrapIfClosure(Object(Closure))
#19 /var/www/html/ssisgh/test-api/vendor/laravel/framework/src/Illuminate/Container/BoundMethod.php(34): Illuminate\\Container\\BoundMethod::callBoundMethod(Object(App\\Http\\Foundation\\Application), Array, Object(Closure))
#20 /var/www/html/ssisgh/test-api/vendor/laravel/framework/src/Illuminate/Container/Container.php(590): Illuminate\\Container\\BoundMethod::call(Object(App\\Http\\Foundation\\Application), Array, Array, NULL)
#21 /var/www/html/ssisgh/test-api/vendor/laravel/framework/src/Illuminate/Console/Command.php(201): Illuminate\\Container\\Container->call(Array)
#22 /var/www/html/ssisgh/test-api/vendor/symfony/console/Command/Command.php(255): Illuminate\\Console\\Command->execute(Object(Symfony\\Component\\Console\\Input\\ArgvInput), Object(Illuminate\\Console\\OutputStyle))
#23 /var/www/html/ssisgh/test-api/vendor/laravel/framework/src/Illuminate/Console/Command.php(188): Symfony\\Component\\Console\\Command\\Command->run(Object(Symfony\\Component\\Console\\Input\\ArgvInput), Object(Illuminate\\Console\\OutputStyle))
#24 /var/www/html/ssisgh/test-api/vendor/symfony/console/Application.php(1011): Illuminate\\Console\\Command->run(Object(Symfony\\Component\\Console\\Input\\ArgvInput), Object(Symfony\\Component\\Console\\Output\\ConsoleOutput))
#25 /var/www/html/ssisgh/test-api/vendor/symfony/console/Application.php(272): Symfony\\Component\\Console\\Application->doRunCommand(Object(Illuminate\\Database\\Console\\Migrations\\MigrateCommand), Object(Symfony\\Component\\Console\\Input\\ArgvInput), Object(Symfony\\Component\\Console\\Output\\ConsoleOutput))
#26 /var/www/html/ssisgh/test-api/vendor/symfony/console/Application.php(148): Symfony\\Component\\Console\\Application->doRun(Object(Symfony\\Component\\Console\\Input\\ArgvInput), Object(Symfony\\Component\\Console\\Output\\ConsoleOutput))
#27 /var/www/html/ssisgh/test-api/vendor/laravel/framework/src/Illuminate/Console/Application.php(93): Symfony\\Component\\Console\\Application->run(Object(Symfony\\Component\\Console\\Input\\ArgvInput), Object(Symfony\\Component\\Console\\Output\\ConsoleOutput))
#28 /var/www/html/ssisgh/test-api/vendor/laravel/framework/src/Illuminate/Foundation/Console/Kernel.php(131): Illuminate\\Console\\Application->run(Object(Symfony\\Component\\Console\\Input\\ArgvInput), Object(Symfony\\Component\\Console\\Output\\ConsoleOutput))
#29 /var/www/html/ssisgh/test-api/artisan(37): Illuminate\\Foundation\\Console\\Kernel->handle(Object(Symfony\\Component\\Console\\Input\\ArgvInput), Object(Symfony\\Component\\Console\\Output\\ConsoleOutput))
#30 {main}
"} 
